IK3D Estimates with:Clustered 140 primary and secondary data
  6
Threshold:  1 =       .50000
Threshold:  2 =      1.00000
Threshold:  3 =      2.50000
Threshold:  4 =      5.00000
Threshold:  5 =     10.00000
true value
   .7014  1.0000  1.0000  1.0000  1.0000   .0600
   .3043   .3043   .3043   .9025   .9699   .0600
   .6668  1.0000  1.0000  1.0000  1.0000   .0800
   .7102   .9098  1.0000  1.0000  1.0000   .0900
   .9336   .9336  1.0000  1.0000  1.0000   .0900
   .7230   .8817  1.0000  1.0000  1.0000   .1000
  1.0000  1.0000  1.0000  1.0000  1.0000   .1000
   .0000   .1306   .6278   .6278  1.0000   .1100
   .8294   .8709  1.0000  1.0000  1.0000   .1100
   .2413   .4248   .8007  1.0000  1.0000   .1600
   .0412   .2327   .9115   .9115  1.0000   .1600
   .2095   .2234  1.0000  1.0000  1.0000   .1700
   .0000   .0000   .3807   .8199   .8397   .1800
   .5794   .5794  1.0000  1.0000  1.0000   .1900
   .9798   .9798  1.0000  1.0000  1.0000   .1900
   .4966   .5855  1.0000  1.0000  1.0000   .1900
   .3380   .6831  1.0000  1.0000  1.0000   .2200
   .0000   .0000   .1088  1.0000  1.0000   .2400
   .8437   .8912  1.0000  1.0000  1.0000   .2600
   .3858   .3858  1.0000  1.0000  1.0000   .2800
   .7046   .8066   .8066   .8066  1.0000   .2800
   .1375   .5624  1.0000  1.0000  1.0000   .3100
   .6319   .7539   .9961  1.0000  1.0000   .3200
   .1629   .6254   .8683   .9651   .9651   .3300
   .0000   .2512   .2512   .3363   .8888   .3400
   .8312   .8312   .9154  1.0000  1.0000   .3400
   .6097   .7003  1.0000  1.0000  1.0000   .3400
   .0393  1.0000  1.0000  1.0000  1.0000   .4000
   .0000   .0402   .8553   .9961  1.0000   .4500
   .0000   .0000   .7661  1.0000  1.0000   .4600
   .1265   .8425   .8425   .8425  1.0000   .5100
   .0000   .0000   .2413   .2459   .8503   .5700
   .1121   .1885  1.0000  1.0000  1.0000   .6200
   .2720   .2720   .7240   .7240  1.0000   .6500
   .3681   .8415  1.0000  1.0000  1.0000   .6700
   .2639   .2639   .5424   .8507  1.0000   .7100
   .1739   .1739   .3543  1.0000  1.0000   .7900
   .4482   .7744  1.0000  1.0000  1.0000   .8100
   .5333   .8578   .9084   .9084  1.0000   .8300
   .5124   .5124   .8431   .8945  1.0000   .8400
   .2459   .3528  1.0000  1.0000  1.0000   .8900
   .1749   .5572  1.0000  1.0000  1.0000   .9200
   .2812   .7981  1.0000  1.0000  1.0000   .9300
   .0248   .5730   .9173   .9669  1.0000   .9400
   .1462   .8772  1.0000  1.0000  1.0000   .9600
   .5936   .9311  1.0000  1.0000  1.0000   .9900
   .0084   .5082   .9236   .9236  1.0000   .9900
   .5042   .5730   .8303  1.0000  1.0000  1.0100
   .6570   .9653   .9653   .9773  1.0000  1.0200
   .4335   .9478   .9478  1.0000  1.0000  1.1000
   .2431   .4253   .8360   .8386   .8386  1.1100
   .0000   .0000   .2748  1.0000  1.0000  1.2100
   .0000   .2945   .5030  1.0000  1.0000  1.2100
   .2175   .2175   .5681   .9074   .9074  1.2700
   .6678   .6678   .6678  1.0000  1.0000  1.3400
   .1913   .3100   .6125   .9493  1.0000  1.3600
   .3382   .3382   .3382   .9832  1.0000  1.3700
   .4579   .4870  1.0000  1.0000  1.0000  1.3800
   .7009  1.0000  1.0000  1.0000  1.0000  1.3800
   .0318   .7688  1.0000  1.0000  1.0000  1.6600
   .4685   .9434  1.0000  1.0000  1.0000  1.7000
   .0000   .0000  1.0000  1.0000  1.0000  1.7100
   .1613   .4558   .7151  1.0000  1.0000  1.7800
   .3691   .8437  1.0000  1.0000  1.0000  1.8100
   .0000   .0000   .6593  1.0000  1.0000  1.8200
   .5279   .5590  1.0000  1.0000  1.0000  1.8900
   .0407   .7209  1.0000  1.0000  1.0000  1.9600
   .0000   .0000   .1565   .1565   .9277  1.9800
   .2170   .6987   .9096   .9681  1.0000  2.1300
   .5280   .5280   .5280  1.0000  1.0000  2.1700
   .5589   .7864  1.0000  1.0000  1.0000  2.3300
   .3466   .3466  1.0000  1.0000  1.0000  2.3400
   .2966   .5240  1.0000  1.0000  1.0000  2.4700
   .0596   .0596   .6438   .9660   .9800  2.7500
   .0000   .0000   .0000   .0000   .3771  2.7600
   .0000   .0000   .9161   .9161  1.0000  2.8400
   .0000   .0000   .3165   .7422   .7919  2.9900
   .0259   .2493   .5215  1.0000  1.0000  3.0400
   .6578   .6578   .6578   .6578   .7585  3.3300
   .5812   .5812   .6139   .8995  1.0000  3.3500
   .0521   .0521   .4778   .4778  1.0000  3.5100
   .3082   .3082   .8563  1.0000  1.0000  3.8100
   .4617   .4617   .5733   .5733   .5733  4.6000
   .0496   .4555   .5892  1.0000  1.0000  4.8900
   .0000   .0000   .0000   .4578   .8487  5.0500
   .1713   .6907   .7755  1.0000  1.0000  5.1500
   .0000   .0000   .2430   .7652  1.0000  5.3100
   .0000   .0000   .0000   .2455   .9189  6.2600
   .0000   .0000   .2492   .7530  1.0000  6.4100
   .0000   .0000   .0000   .0000   .0808  6.4900
   .0000   .0000   .0000   .0020   .4980  7.5300
   .0004   .0004   .0004   .5000  1.0000  8.0300
   .0000   .0074   .2557   .5048   .7552  8.3400
   .0000   .0000   .0000   .7554   .7554  9.0800
   .0000   .0000   .0000   .5086  1.0000 10.2700
   .0000   .0000   .0000   .0254   .0254 17.1900
   .0000   .0000   .0218   .2700   .9875 18.7600
   .0000   .0000   .0000   .2812  1.0000  3.6400
   .0000   .0000   .3849   .6173  1.0000  3.5900
   .0000   .0000   .1297   .6714  1.0000  9.0800
