SGSIM Realizations
1
value
      5.0655
      5.2475
      2.1391
       .9076
       .1900
       .0886
       .0017
       .0600
       .0226
       .0148
       .0298
       .1000
       .1600
       .0913
       .1000
       .7935
       .1900
       .2800
      1.3735
       .1653
       .4632
      1.0113
       .3930
       .1524
       .1112
       .8008
       .5243
      1.1417
       .8036
      1.2820
      1.8398
      2.9723
      2.0274
       .3623
       .6654
       .1000
       .0835
       .2318
       .0900
       .0900
       .3183
       .3364
       .9050
      1.9372
       .3832
       .8000
       .6522
       .3100
       .4206
       .8352
      7.5565
      4.6355
      3.3300
       .3149
       .0737
       .0600
       .0306
       .0077
       .0181
       .0408
       .0621
       .1400
       .0989
       .0900
       .0772
       .1900
       .1000
       .0733
       .2106
       .2594
       .0900
       .1000
       .0694
       .1900
       .2696
       .3303
       .8900
       .2167
       .9123
       .7915
      2.7402
       .9428
      1.1923
       .2882
       .0896
       .0617
       .0329
       .0865
       .1815
       .0931
       .2270
       .1866
       .3385
       .1600
       .1100
       .6413
      1.3800
      1.8152
      2.9717
      2.0807
     15.0000
      3.0100
      1.7031
       .1807
       .1900
       .0846
       .0627
       .0298
       .0322
       .0395
       .0276
       .0605
       .1428
       .1133
       .0878
       .2694
       .0600
       .0638
       .1615
       .1100
       .1629
       .0674
       .3400
       .1100
       .0900
       .1900
       .4117
       .9040
       .9193
       .3691
      3.3389
       .7961
      1.9308
       .2170
       .0788
       .1100
       .0695
       .1064
       .1646
       .1600
       .3361
       .1600
       .3400
       .5611
       .2257
      2.3300
      3.0132
      2.5474
      5.1934
      1.9725
      4.1680
       .6811
      1.9075
      1.2682
       .2651
       .0882
       .1527
       .1000
       .0857
       .0900
       .0600
       .0600
       .0225
       .1900
       .0837
       .1000
       .0777
       .0339
       .0600
       .1900
       .0961
       .0600
       .1900
      1.0156
       .8399
       .8600
       .9900
       .8462
       .6377
      2.3184
      8.9154
      3.0447
      1.8136
       .5360
       .2034
       .1600
       .1100
       .1000
       .1039
       .3580
       .7062
      1.0303
      2.1530
       .9900
      2.1340
      3.3001
      2.3467
      5.4735
      9.0541
      3.2192
      5.3749
      8.5410
      3.0114
      1.8288
       .6880
       .1885
       .2003
       .0760
       .1949
       .0839
       .0370
       .0352
       .0600
       .0350
       .1600
       .0600
       .0600
       .0600
       .0121
       .0922
       .1100
       .0600
       .1599
       .7947
      3.0934
      1.8100
      3.3436
      3.4984
      4.3761
      2.8096
      1.9554
      2.3063
      1.3599
       .1900
       .2902
       .1900
       .2455
       .1000
       .0600
       .1100
       .2505
       .8760
      1.3800
      1.9487
       .2800
       .6598
      4.7407
      2.8328
      1.9269
      5.2500
     15.0000
     10.2077
      7.9344
      9.0800
      1.3683
       .2345
       .1038
       .4577
       .3267
       .2819
       .0379
       .0600
       .0879
       .0871
       .0600
       .0900
       .1719
       .0600
       .0816
       .1380
       .1866
       .1900
       .2228
       .8047
      2.0122
      2.5039
      2.7415
      8.4408
      3.7584
      1.1932
      1.2263
      1.8883
       .2119
       .6352
       .1900
       .9900
       .1956
       .1000
       .0800
       .0969
       .1395
       .8984
       .4388
      1.8889
       .6785
      1.7977
      2.0816
      1.8092
      1.3621
       .8921
     15.0000
      4.9083
     13.2490
      6.8977
      5.0512
      1.3657
       .8216
       .1781
       .2563
       .2686
       .0612
       .1473
       .1600
       .1000
       .0767
       .0694
       .0704
       .0792
       .3400
       .1381
       .5182
       .1787
      1.1486
       .2907
      5.2002
      1.3771
      1.8254
      1.7033
      3.5796
      2.2540
      4.9180
      3.0153
      4.4525
      1.2839
       .3432
       .1600
       .1545
       .1035
       .2760
       .0920
       .2223
      1.6957
      1.3740
       .9280
      1.2100
      1.8900
      2.7540
      2.9241
       .3667
      1.6775
     12.7400
     15.0000
     15.0000
     10.2445
      3.9259
      1.3800
       .2769
       .1100
       .2800
       .8308
       .2600
       .1340
       .1779
       .1000
       .1000
       .1000
       .0358
       .0929
       .0900
       .0900
       .9900
      1.3670
      1.0141
      2.3082
      2.9688
      1.8198
      2.0225
      5.7495
      3.3396
      2.7447
      2.7414
      3.2544
      1.0163
       .9200
       .3139
       .1739
       .1600
       .0853
       .1100
       .3208
       .1900
       .6389
      1.2754
      5.0803
      2.9291
       .7617
       .9309
      3.6426
      5.5400
      9.0814
      6.4900
     15.0000
      8.9000
      2.7572
      9.0260
      3.3395
       .4555
      1.1050
      1.0561
       .8304
       .1154
      1.0408
       .0720
       .1652
       .2036
       .0921
       .0209
       .0531
       .0600
       .1900
      2.9947
      3.0650
       .7319
      2.5108
      2.2084
      2.7461
      1.8134
      3.3454
       .8975
      1.0618
      1.2578
       .5323
      2.7489
       .2800
       .6244
      1.2803
       .8201
       .8390
       .3400
       .4761
       .0900
      1.9739
       .6512
      1.7351
     13.2679
      5.1815
      9.0800
      8.8690
     15.0000
     15.0000
     15.0000
      7.5600
      6.2600
      7.9200
      3.5321
      9.0800
      5.3021
      5.5400
      3.7594
      1.3800
      1.0037
      1.2309
       .3400
       .0832
       .1676
       .1900
       .1638
       .1239
       .1835
       .1900
      1.8959
      2.8219
       .9383
      1.6649
      1.1784
      2.1413
       .9328
       .9098
       .6597
      2.3300
      1.7000
      2.3135
      1.7332
       .9310
       .1600
       .6817
       .1627
       .4370
      2.0989
       .1900
       .2705
      1.6930
       .6603
      1.7854
      4.2809
      4.7521
      2.7962
     15.0000
     15.0000
     15.0000
     15.0000
      9.3093
      2.5500
     13.9450
      3.2741
     15.0000
     15.0000
      5.0704
      1.8007
       .8333
      1.2480
      1.3552
       .1778
       .4016
       .2750
       .1900
       .1100
       .2511
       .1100
      1.2436
      1.9696
      1.3752
       .3300
       .8224
       .4598
      1.2912
       .3400
       .4537
       .1900
       .9900
       .9211
      1.3447
      3.5967
       .3984
       .5862
       .9600
       .3400
       .6162
       .3381
       .4585
       .9431
       .8270
       .6034
      2.4700
      1.9980
     15.0000
      8.9000
     15.0000
     15.0000
     15.0000
     15.0000
     15.0000
     15.0000
     15.0000
     15.0000
      9.1908
      5.0914
      1.7618
      1.9437
       .3400
      3.2324
      2.5160
       .8128
       .2008
       .1100
       .6146
       .6793
       .2800
      1.3797
      5.1657
      2.8374
      5.0609
      1.3400
      1.3747
      2.7952
       .3400
       .4606
       .3331
       .2800
       .9900
       .5350
       .2800
      2.1214
      1.6887
      1.1456
       .9318
       .4445
       .2664
       .3536
       .1655
       .1100
       .1382
       .2800
      1.3637
      2.9895
      4.9079
      3.4536
     15.0000
      9.9171
     15.0000
      7.9201
      9.5112
      9.3348
     15.0000
      9.0800
      9.0800
      2.7413
       .7100
      1.3010
      1.3369
       .5847
      2.9825
       .1830
      1.2700
       .8201
       .3400
      2.1396
       .3349
      1.3048
      3.3343
      3.3479
      2.1315
      1.4806
       .1900
       .2800
       .9608
       .6521
       .1900
      1.2199
       .3400
       .1105
       .8150
      1.8892
      1.8109
       .3302
       .3367
       .1213
       .0910
       .0600
       .3400
       .0900
       .1770
       .1638
       .3156
       .7723
      1.9509
      3.9593
     10.0920
     11.7549
     15.0000
      5.5400
     15.0000
      8.7100
     15.0000
      8.6533
      3.6391
      2.1433
       .2800
      1.7895
       .9900
       .4642
      1.8241
       .4509
       .9943
      1.3800
      2.7419
      2.9900
      1.7043
      1.3800
      1.8990
       .9493
      3.2980
       .3400
       .1154
       .1685
       .1349
       .3400
       .0600
       .2542
       .3400
       .3400
       .2337
       .3678
      1.5371
       .3400
       .3284
       .1100
       .0600
       .1030
       .0970
       .0735
       .0819
       .4975
       .3277
       .2225
       .5793
      1.6600
      9.2776
      8.3571
     15.0000
      5.4024
      5.5400
     10.2700
      3.6100
      4.6226
      2.1671
      1.3437
       .8303
      1.2100
      2.9169
       .2893
      1.6682
       .8160
      1.1260
      2.5461
      4.9172
      7.9254
      2.9600
      3.4742
      4.6850
      1.8170
      1.1086
       .1600
       .0600
       .0672
       .0825
       .0334
       .0900
       .1000
       .1266
       .1000
       .2368
       .3146
       .4522
       .9900
       .2032
       .0887
       .0600
       .0600
       .0815
       .0392
       .0900
       .3146
       .0980
       .3400
       .6200
      3.5402
      3.5333
      7.9047
      8.4027
      9.2249
      3.0205
      2.7400
      6.3790
      9.0800
      3.3849
      3.3344
       .6531
       .9900
       .4288
       .5858
      1.1100
      1.3687
      1.3308
      7.4099
     15.0000
     15.0000
      9.0800
      4.9200
      1.7939
       .9754
       .2030
       .1100
       .1100
       .0600
       .0353
       .0355
       .1100
       .2503
       .1038
       .1100
       .0970
       .1432
       .0600
       .1350
       .0937
       .0867
       .0165
       .0150
       .0600
       .0900
       .0600
       .0600
       .2561
       .4349
       .7934
       .7944
      1.8198
      3.7847
      3.2263
      3.6113
      2.8272
      2.8644
      1.3731
      1.9602
       .9889
      1.2100
       .8189
      2.2844
       .9900
       .7069
       .3400
       .9617
       .7523
      3.3418
     15.0000
     15.0000
      2.9700
      1.1149
      1.1063
       .6533
       .1900
       .1690
       .0600
       .0872
       .0600
       .0900
       .0600
       .1746
       .0705
       .0646
       .0620
       .0961
       .0429
       .0600
       .0820
       .0600
       .0160
       .0086
       .0600
       .0775
       .0600
       .0797
       .1900
       .1600
       .1900
       .9376
       .5078
      3.7512
      1.3791
      2.9684
      2.9991
      4.9167
      1.6691
      5.3369
      1.2100
      1.1038
       .1600
      2.1009
      1.2645
       .1368
       .1600
       .1709
       .9235
      4.1594
      3.0074
      3.4059
      3.3238
     12.5009
      3.6627
      1.2100
       .1100
       .1000
       .1000
       .0600
       .0600
       .0600
       .3332
       .1558
       .1042
       .0845
       .2200
       .0914
       .1661
       .0701
       .0600
       .0600
       .0113
       .0155
       .0205
       .0600
       .0385
       .0719
       .0789
       .2481
       .1241
       .8235
      1.6691
      1.7046
      2.7424
      3.5681
      3.6578
      2.3300
      8.4455
      4.9127
      5.1221
       .5879
      1.0100
       .1893
       .1613
       .1900
       .3150
       .1092
       .3313
       .6601
      3.4794
      4.9101
      2.3323
      1.8039
      1.1073
       .2677
       .9143
       .0600
       .1600
       .0908
       .1068
       .0894
       .0900
       .7592
       .5901
       .1236
       .1900
       .0807
       .0600
       .0600
       .0390
       .0526
       .1000
       .0550
       .0600
       .0169
       .0335
       .0600
       .0600
       .0989
       .2274
      1.2100
      2.7556
      1.8896
      1.8878
      3.0843
      3.6279
      3.9724
      2.8280
      2.8454
      2.2998
      1.3409
       .9626
       .3400
       .1700
       .0613
       .0690
       .1044
       .1626
       .3189
       .4302
       .9486
      1.2146
      2.5198
      1.8127
       .8159
       .3400
       .1690
       .3400
       .2800
       .2339
       .2800
       .0634
       .5826
       .2381
       .2219
       .1687
       .4335
       .0826
       .1667
       .1600
       .0773
       .0409
       .0823
       .0600
       .1722
       .0535
       .0855
       .1765
       .5619
       .3282
       .6671
       .9686
      3.3314
      1.8173
      2.7444
      4.3667
      2.3653
      1.3667
      1.6671
      3.0161
      1.2100
       .3400
       .2840
       .1000
       .0805
       .0900
       .1097
       .1100
       .1900
       .6644
      1.3709
       .9689
      2.3300
      2.1700
      1.2390
      1.3234
       .2424
       .2293
       .3400
       .6412
       .2620
      1.0115
       .4575
       .6218
       .9206
       .1900
       .6752
       .3003
       .3154
       .1960
       .0730
       .0600
       .0477
       .0600
       .0600
       .0629
       .0600
       .1719
       .2219
       .7910
       .3496
      2.8302
      4.8073
      9.0608
      1.1001
      3.2314
      2.4977
      2.7680
      3.3494
      3.5318
      1.3416
       .2800
       .0751
       .1000
       .0624
       .0600
       .0635
       .0820
       .3300
       .3786
      1.1067
      1.0105
      2.2559
       .8124
       .9900
       .8367
       .4360
       .2951
       .1752
       .2451
      1.9346
      1.8144
       .1629
       .1735
      1.8670
       .2857
       .1900
       .2328
       .3400
       .0900
       .3941
       .1042
       .1100
       .0671
       .1000
       .0642
       .0900
       .1765
       .2598
       .3160
      1.2100
      2.1248
      3.5373
      4.9173
       .6554
       .2800
       .2471
      1.5661
      1.3800
      2.3400
       .1070
       .0900
       .1065
       .0689
       .0600
       .0813
       .1606
       .1556
       .1810
       .7852
       .3617
       .8784
       .9397
      1.8101
      1.9129
       .8776
       .2099
       .5127
       .1100
       .3320
       .5328
       .3311
       .1743
      2.3300
      1.3800
      1.8289
       .2345
       .6500
       .1890
       .1900
       .0978
       .0805
       .0600
       .0600
       .1000
       .0872
       .3141
       .6640
       .1207
       .9300
       .8087
      1.2100
      1.8093
      2.8340
       .4044
       .0900
       .2232
      1.3800
       .6469
       .6301
       .1277
       .1431
       .1291
       .1100
       .1600
       .1900
       .1600
       .0830
       .7707
       .1660
       .2800
       .1039
       .6494
       .1791
      1.8914
       .6580
       .3400
      1.5766
       .9093
      1.1699
       .7900
      1.9764
       .8017
      2.8577
      1.8165
       .1900
       .5679
       .3400
       .3327
       .2992
       .1811
       .0600
       .1400
       .0900
       .1743
       .2455
       .1658
       .3334
       .5962
       .2430
      1.3605
      2.9963
      2.2859
      2.3637
       .1728
       .3341
      1.0064
       .6229
       .1900
       .9900
       .1100
       .0830
       .1100
       .1100
       .2800
       .1694
       .1513
       .8400
       .3646
       .3400
       .2800
       .2141
       .2779
       .6896
      1.9322
      2.3300
      1.8767
      3.0400
      1.7554
      1.7637
      1.3455
      1.2100
      1.3702
      2.5407
      1.1039
       .9537
      1.1131
       .1832
       .4552
       .9012
       .5158
       .1100
       .3301
       .2139
       .1970
       .2800
       .1785
       .3400
       .1831
       .3104
      1.8438
       .9135
       .6008
       .9109
       .1600
       .1652
       .2366
       .3127
       .1324
       .2262
       .1100
       .1610
       .8633
       .2369
       .2721
       .6241
       .1100
       .1900
       .4888
       .5031
       .5509
      1.2100
       .9887
       .1981
      1.2100
       .8374
      2.3300
      8.4592
      5.0742
      4.8900
      1.3536
      2.3300
      1.8155
      3.0362
       .3400
       .3127
       .6845
       .4529
       .9187
      1.0191
       .1644
       .0819
       .8179
       .9837
       .3400
       .3400
       .6046
      3.4602
      1.1384
       .8041
       .3206
       .9066
       .9400
       .9900
       .2800
       .1041
       .1693
       .1881
       .0600
       .2503
       .1617
      1.1012
      1.8155
      1.2998
       .7008
       .4573
       .0957
       .2094
       .5519
       .0900
       .1600
       .1600
      1.1023
       .8422
      2.3285
      1.9740
      3.7627
      1.7980
      3.0415
      3.2125
      2.7535
      4.6754
       .9900
       .6097
      2.1973
       .4500
       .6191
      1.4527
      1.2370
      1.9231
       .9900
       .3953
       .3400
       .3221
       .8317
      2.1300
       .9345
      2.3300
      5.1334
      1.1989
       .3038
       .2391
       .8392
      1.3009
       .0600
       .1343
       .1028
       .1017
       .0900
       .2955
       .2285
       .9805
      6.1515
      3.8262
      3.4984
      1.8134
      1.2100
      1.3548
      1.0198
      1.0200
       .1900
       .2800
      1.0535
       .1922
       .9649
       .9337
       .9641
      2.9700
      1.2100
      9.3991
      9.5236
      8.4543
      7.5490
       .9482
       .5199
      1.2981
       .4930
       .3351
      2.3300
      2.7578
      5.0821
      1.1084
       .8941
       .9534
      1.8494
      1.3472
      4.8699
      1.2100
      2.7418
       .9908
       .6381
       .2800
       .6021
       .2807
       .1936
       .0324
       .1236
       .1600
       .3303
       .8314
      1.3800
      1.8645
       .9900
      9.2700
      9.0808
      8.6620
      5.3639
       .9418
       .7019
       .5993
       .5897
       .3400
       .4507
       .3400
       .3562
       .8776
      1.1024
      4.9138
      2.1758
      9.0709
      5.2314
      6.9307
      1.3729
      1.2100
       .2232
       .3985
       .3400
      2.4905
      1.9624
      2.4615
      2.9882
      2.7468
       .5700
      2.7522
      1.1928
      3.0192
      1.3641
       .8142
      2.8604
       .9380
      1.7806
      1.5422
       .4756
       .3430
       .0648
       .0743
       .1736
       .1833
       .1760
       .9362
      2.6547
      4.3393
      9.0100
      8.0300
      2.5200
     15.0000
      5.1807
       .6636
       .4600
      1.1623
      1.8175
       .6437
       .0900
       .1954
      1.1034
       .3400
       .9012
      1.2100
      1.7833
      8.9613
      9.0399
      4.4206
      2.1317
      1.3625
      1.3616
      6.4662
      2.5189
      1.6963
      3.3369
     10.2020
      5.5400
      5.5400
      8.9401
     10.9835
      2.8294
      5.7035
      3.2878
      2.8395
      5.2500
      1.2100
      3.7045
      3.2542
       .9366
       .8989
       .0600
       .0719
       .3166
       .0987
       .6500
      3.5043
      1.3676
      2.4164
     15.0000
      3.5600
      5.2097
      8.3459
      5.5175
      3.3536
      1.0738
      1.3310
      1.3430
       .8643
       .6567
       .1664
       .3278
       .3821
      1.2100
       .6515
      1.7489
      2.5212
      2.3320
      3.6215
      5.1169
      2.7576
      2.1955
      3.0313
      2.7467
      3.4402
      5.1267
     14.2512
     15.0000
     15.0000
      9.1023
      7.9400
      4.9578
      9.1324
      9.0707
      3.5994
      2.2947
      2.8216
      5.5841
      1.8395
      1.7040
      7.5446
       .1403
       .2252
       .7465
       .9330
      1.3556
      1.8112
      2.7560
      2.9822
     12.2120
      7.9216
      5.1298
      8.5241
     10.7550
      1.3281
      1.7920
      2.3373
      2.8232
      2.8479
      1.3484
      1.8428
       .4520
      1.3800
      2.4413
      3.1021
      4.8969
      3.6628
      1.9736
      3.4234
      7.6387
      6.4164
      7.9674
      3.0317
      3.3926
      1.9800
      9.2403
      8.4800
      9.3864
     15.0000
     15.0000
      8.3400
      2.5100
     10.2275
      3.5017
      5.2054
      3.3439
      3.5221
     15.0000
      3.0063
      2.9841
      3.7823
       .2149
       .2460
      1.3641
       .6802
      1.6144
      2.7534
      2.3393
      2.7467
      4.8463
      7.5575
     15.0000
     12.0016
      8.0280
      3.0113
      3.0769
      5.1681
      4.3625
      2.3300
      1.0196
      1.3568
       .6593
      2.7450
      1.8496
      5.0093
      3.2505
      2.8222
      1.3642
      1.7100
      4.9778
      3.0813
      3.7721
      1.8190
      7.8175
      3.6187
      9.4200
     15.0000
      5.2600
      9.0381
     15.0000
      2.2800
      5.2077
      5.0310
      3.6322
      2.7493
      4.3083
      8.5359
      7.7188
      9.0054
      7.3954
      5.0687
       .3400
       .7028
      1.2249
      1.1000
       .9479
      1.8168
      1.7975
      3.4240
      5.2071
      3.6055
      5.1360
      6.4287
     10.9342
      2.9746
      8.4132
      3.3423
      2.9978
      1.8634
      1.7062
      1.7901
       .9240
      2.4783
      1.8179
      3.0380
      1.9870
      1.3800
      1.7855
      3.2858
      1.9416
      2.9731
      4.7754
      3.3317
      9.0289
      9.2571
      9.3199
      2.8200
     15.0000
     15.0000
     15.0000
      2.0488
      4.9148
     11.3237
      1.9846
      5.3086
      1.8713
      2.4737
      6.4496
      4.9141
      4.9933
      9.0014
       .2797
       .4450
       .3198
      1.0187
      1.2888
       .8539
       .4769
      1.0070
      2.8207
      1.0547
      1.3725
       .9900
      1.7800
      1.3117
       .9900
      9.4060
      4.2819
      1.3600
      1.7418
      3.2067
      1.3800
      2.8400
      5.5400
      3.0234
      2.8245
      3.3352
      1.7877
      1.8200
      1.7023
      3.4219
       .3400
      4.9783
      4.2365
      9.0800
      4.9077
      7.9203
     15.0000
      9.6573
      9.4050
      8.3432
      9.4001
     15.0000
      5.5086
      5.0779
      3.7152
      2.9872
      3.8100
      4.9124
      1.9502
     15.0000
       .1681
       .2293
       .2360
       .4510
      1.3420
       .9817
       .5045
       .8499
      1.2720
       .8250
      5.1410
      4.9059
      1.5670
      1.0328
       .9208
      2.9187
      3.7500
      2.9683
       .4694
       .6693
      2.0862
      2.0554
      2.3562
      1.3800
      1.8596
      1.7059
      2.8205
      2.4223
       .9297
       .9286
       .9488
      3.2521
      2.3300
      5.0946
      8.3988
     10.2795
     15.0000
      4.7185
      3.5900
      3.3440
     11.3921
     15.0000
      2.7519
      3.3089
      3.5932
      2.4891
      1.6891
       .9910
      3.3679
      5.5400
      1.3562
      1.3590
      1.6437
       .6237
       .5529
       .3331
       .1127
       .1100
       .3396
       .6482
       .9083
      4.9064
      3.7824
      3.3104
      1.3800
      2.3300
      2.3047
      2.2321
      2.1309
      1.2100
      2.3365
      3.3352
      2.3593
      1.5549
      3.0192
      2.7496
      1.9095
      1.8111
      3.1211
      2.8503
      2.3211
      4.2900
      6.4100
      7.7100
     10.9232
      5.6833
      5.1480
      3.6400
      5.3100
      2.2200
      3.0182
      3.7852
      2.1498
      2.9743
      1.9702
      1.7041
       .7465
       .3384
       .8295
      1.1502
       .1900
       .1717
       .3400
       .8532
       .3200
       .0931
       .1447
       .2131
       .1294
      1.9140
      3.7324
      5.3173
      2.3300
      3.3341
      3.0634
      1.3800
      1.3064
      5.1113
      5.1084
      1.7071
      3.7725
      3.6581
      4.9052
      2.4480
      3.3342
      3.6478
      4.9160
      3.3460
      3.0048
      3.6359
      2.9770
      2.7521
      3.2100
      2.8309
      3.3401
      2.6628
      2.3300
      4.1692
      9.0800
      3.4740
      8.0211
      1.8033
      1.8917
      2.1614
      2.9703
      1.0404
       .9335
       .6060
       .9900
       .1942
       .2780
      1.7564
      1.2765
       .3400
       .1055
       .2800
       .3269
       .1680
       .0900
       .9349
      2.0533
      2.7460
      2.2945
      2.7402
       .5826
      1.8555
      2.9979
      2.7514
      2.3300
      2.3300
      2.9814
      4.8250
      2.3073
      1.5903
      5.1234
      3.3013
      3.4760
     15.0000
     15.0000
     11.8708
      8.6898
     14.5921
     10.2230
      4.5344
      7.5863
      6.1574
      7.5579
      1.9172
      2.7515
      3.5100
      3.0304
      1.8421
      1.7901
      1.6989
      1.2100
       .2233
       .2225
       .2611
       .1004
       .1600
      1.1031
      3.3774
       .3334
       .4359
       .2055
       .2498
       .1900
       .0786
       .3259
       .3234
       .6213
       .1900
      2.1635
       .9900
       .9900
      2.6160
      2.2811
      1.7831
      2.5334
      1.3247
      3.1855
      1.8912
      9.0854
       .6672
      1.8796
      3.1440
      3.0021
     10.9710
     15.0000
     15.0000
     15.0000
     11.7830
     15.0000
      5.1939
     10.2650
      3.0160
      2.9761
      2.2501
      2.7102
      1.3773
      1.3737
      1.8147
      1.2100
       .9699
       .1600
       .0900
       .2331
       .3400
       .4626
       .1024
      2.0275
      1.8187
      2.2905
       .3129
      1.0011
       .1774
       .1600
       .0900
       .2540
       .6614
       .9392
       .9486
       .6603
       .0900
      2.7479
      2.5172
      2.4231
      1.3690
      2.3339
      3.3412
      3.6697
      5.3561
      9.2288
      1.2698
      2.4904
      3.1910
      2.1381
      4.9028
      9.1149
     15.0000
     11.0800
     15.0000
     15.0000
     13.3196
      6.8170
      5.2576
      3.0329
       .9676
       .2800
       .2198
       .3364
      1.2766
      1.3526
       .0967
       .0900
       .1605
       .2400
       .1697
       .9148
       .8183
      2.3300
      4.4994
      3.1676
      1.3683
       .5186
       .6753
       .6700
       .1100
       .1298
       .1423
       .0600
       .1900
      1.2247
       .6186
      3.2115
      3.6791
      3.5130
      2.1588
      4.8605
      3.6229
      3.1133
      2.9697
      8.1445
      4.8014
      3.0814
      2.1692
       .8042
      4.9445
     14.0165
     15.0000
     15.0000
     15.0000
     15.0000
     10.2315
      6.4198
      1.7227
      2.1902
       .7851
       .6664
       .1119
       .2391
      1.8930
      1.2945
       .2302
       .1600
       .3150
       .1100
       .3126
       .4542
       .6367
      5.0765
      3.0024
      1.7022
      3.4101
      1.7930
      1.3800
       .3400
       .9871
       .3095
       .1170
       .0712
       .1516
       .2336
       .3491
       .9489
      1.3800
      1.3800
       .5703
      3.0144
      5.1500
      4.9053
      4.8999
       .3305
      3.3336
      2.3300
      1.2820
      2.3068
      3.3547
      2.7600
     10.2080
     15.0000
     15.0000
     15.0000
     13.8855
      1.1397
      2.5131
       .9377
      1.2100
       .4517
      2.9838
      1.3800
       .9010
       .8225
      1.2100
       .8923
       .2387
       .9215
       .1831
       .8220
      1.3484
     15.0000
      2.7572
      2.3134
      1.8792
      1.3470
      1.8131
       .3400
       .3369
       .2345
       .1009
       .0960
       .0238
       .1600
       .1100
       .5100
       .4449
       .6828
       .7283
      3.3691
      2.8736
      2.1973
      3.5701
       .9945
      1.9780
      1.9177
      4.6105
     10.4199
      6.3470
      5.2447
      5.0606
     15.0000
      4.9120
      9.3310
      8.9098
      5.1048
      1.7077
       .1800
       .1100
       .9492
      1.3700
      2.7485
       .9502
      1.3751
      1.7901
      4.8623
       .3400
      2.2100
      2.3300
       .2860
       .5733
      8.0666
      7.0645
      4.9919
      5.2465
      1.9741
       .1900
      1.0083
       .3268
       .2513
       .1661
       .0900
       .0875
       .3389
       .4076
       .1100
       .6961
      1.0169
      1.0014
       .9763
      2.2083
      2.1472
       .9900
       .8397
      1.3799
      3.2571
      4.4332
      3.5111
      6.4415
      5.0500
      9.2682
     15.0000
      5.3800
      5.1420
     11.9218
      5.1406
      1.2619
       .3400
      1.9274
      2.3300
      1.3800
       .9124
      2.7539
      1.6606
      2.4589
      2.1376
       .3400
      1.3800
      3.3500
      1.4503
       .9900
      3.6812
      8.9248
      3.6937
      5.2538
      3.2219
      1.7474
       .3126
       .1000
       .8100
       .5006
       .1900
       .6520
       .1900
       .3400
       .5183
       .1900
      1.8154
      1.1062
       .8930
       .9627
       .9493
       .6821
       .6689
      1.3414
      1.7906
      2.9844
       .7392
      4.7025
      9.0576
      8.0228
      5.5400
      7.5300
     10.2000
      8.0032
      4.9134
      4.6000
      9.0245
      4.3756
      5.5400
      5.0939
      1.0118
      2.7500
      3.4510
      1.3569
      1.3481
      1.7024
      2.3367
      9.1313
      3.2771
      1.8494
      5.1236
      3.3800
      2.1314
      1.0046
      1.9660
       .9681
       .9223
       .2259
       .9974
       .7053
       .1900
       .4000
       .6651
       .3573
       .8300
       .9657
      1.8025
      1.0757
       .3008
       .3880
       .2800
       .2030
       .8192
       .6604
       .3321
       .9755
     10.2918
      2.7440
      4.8182
      9.2171
     15.0000
     15.0000
      5.5400
     10.7555
      4.8921
      2.5159
      5.1651
      5.1302
      1.3173
      4.9749
      9.0113
      8.2069
      3.5292
      3.8063
      3.5143
      5.1398
      4.9177
      9.7687
     15.0000
      7.9388
      3.8231
      9.0028
     10.4093
      1.9600
      3.2084
      2.4220
      2.8223
      1.6625
      2.2851
       .6628
       .3172
       .9608
       .8100
       .1566
       .2373
       .3151
      1.3022
      1.2400
      4.9083
      1.0563
       .4908
       .3497
       .6449
       .2800
       .3007
       .4530
      1.8133
      2.7527
      3.1211
     15.0000
     15.0000
     15.0000
     15.0000
     15.0000
     15.0000
     15.0000
     11.1520
      3.7679
      3.4327
     11.8084
      8.8201
     15.0000
      3.4140
      8.4619
      4.4009
      3.4524
     15.0000
     14.3006
     15.0000
      9.2554
      9.0800
     12.0447
     15.0000
      8.0013
      7.7650
      2.3325
      3.4359
      3.8020
      3.8283
       .1900
       .8380
       .2741
       .2256
       .1900
       .2897
      1.0561
      1.2197
      1.7049
      1.0109
      1.1039
       .2453
       .3400
       .3400
       .2584
       .1538
       .2631
       .4257
      1.2504
      3.1013
      7.6516
     15.0000
     15.0000
     15.0000
     15.0000
     15.0000
     15.0000
     15.0000
      7.8789
     10.0335
      3.4133
      5.1418
      9.2573
     15.0000
      9.2646
      9.7812
      5.8717
     12.1987
     15.0000
     10.3782
     15.0000
      1.0048
      6.5747
      5.9019
     15.0000
     11.0418
      2.9624
      3.6716
      4.8909
      3.6185
      1.0114
       .3391
       .2345
       .3853
       .1680
       .3400
       .1692
       .9900
       .7913
       .8588
      2.7454
       .7820
       .3286
       .1000
       .1556
       .2276
       .2923
       .2092
      1.1002
      8.6968
      9.5498
     15.0000
     15.0000
     15.0000
     15.0000
     15.0000
     15.0000
     10.8127
     15.0000
     14.0014
     15.0000
     15.0000
     15.0000
      8.5839
     10.2143
      8.0682
     10.3326
      9.3154
      5.2953
     10.2177
      7.8353
